1597878273922	geckodriver	INFO	Listening on 127.0.0.1:56520
1597878276927	mozrunner::runner	INFO	Running command: "C:\\Program Files\\Mozilla Firefox\\firefox.exe" "--marionette" "-foreground" "-no-remote" "-profile" "C:\\Users\\jlwhi\\AppData\\Local\\Temp\\rust_mozprofile4SGAov"
JavaScript error: resource://gre/modules/XULStore.jsm, line 66: Error: Can't find profile directory.
console.error: SearchCache: "_readCacheFile: Error reading cache file:" (new Error("", "(unknown module)"))
1597878280670	Marionette	INFO	Listening on port 56528
1597878281045	Marionette	WARN	TLS certificate errors will be ignored for this session
JavaScript error: resource://gre/actors/AutoCompleteChild.jsm, line 208: Error: Invalid autocomplete selectedIndex
JavaScript error: resource://gre/actors/AutoCompleteChild.jsm, line 208: Error: Invalid autocomplete selectedIndex
JavaScript error: resource://gre/modules/LoginManagerChild.jsm, line 177: NS_ERROR_XPC_JAVASCRIPT_ERROR_WITH_DETAILS: [JavaScript Error: "Invalid autocomplete selectedIndex" {file: "resource://gre/actors/AutoCompleteChild.jsm" line: 208}]'[JavaScript Error: "Invalid autocomplete selectedIndex" {file: "resource://gre/actors/AutoCompleteChild.jsm" line: 208}]' when calling method: [nsIAutoCompletePopup::selectedIndex]
JavaScript error: https://tpc.googlesyndication.com/pagead/js/r20200817/r20110914/client/qs_click_protection_fy2019.js, line 14: NS_ERROR_NOT_INITIALIZED: 
JavaScript warning: , line 0: Script terminated by timeout at:

[Child 7552, Chrome_ChildThread] WARNING: pipe error: 232: file /builds/worker/checkouts/gecko/ipc/chromium/src/chrome/common/ipc_channel_win.cc, line 524
[Child 7552, Chrome_ChildThread] WARNING: pipe error: 232: file /builds/worker/checkouts/gecko/ipc/chromium/src/chrome/common/ipc_channel_win.cc, line 524
1597878824501	Marionette	INFO	Stopped listening on port 56528

###!!! [Child][RunMessage] Error: Channel closing: too late to send/recv, messages will be lost


###!!! [Child][MessageChannel::SendAndWait] Error: Channel error: cannot send/recv

ionette	WARN	TLS certificate errors will be ignored for this session
1597878825428	Marionette	INFO	Stopped listening on port 57088

###!!! [Child][RunMessage] Error: Channel closing: too late to send/recv, messages will be lost


###!!! [Child][MessageChannel::SendAndWait] Error: Channel error: cannot send/recv

1597878826108	geckodriver	INFO	Listening on 127.0.0.1:57199
1597878829114	mozrunner::runner	INFO	Running command: "C:\\Program Files\\Mozilla Firefox\\firefox.exe" "--marionette" "-foreground" "-no-remote" "-profile" "C:\\Users\\jlwhi\\AppData\\Local\\Temp\\rust_mozprofilekqHtJP"
JavaScript error: resource://gre/modules/XULStore.jsm, line 66: Error: Can't find profile directory.
console.error: SearchCache: "_readCacheFile: Error reading cache file:" (new Error("", "(unknown module)"))
1597878832783	Marionette	INFO	Listening on port 57211
1597878832808	Marionette	WARN	TLS certificate errors will be ignored for this session
JavaScript error: resource://gre/actors/AutoCompleteChild.jsm, line 208: Error: Invalid autocomplete selectedIndex
JavaScript error: resource://gre/actors/AutoCompleteChild.jsm, line 208: Error: Invalid autocomplete selectedIndex
JavaScript error: resource://gre/modules/LoginManagerChild.jsm, line 177: NS_ERROR_XPC_JAVASCRIPT_ERROR_WITH_DETAILS: [JavaScript Error: "Invalid autocomplete selectedIndex" {file: "resource://gre/actors/AutoCompleteChild.jsm" line: 208}]'[JavaScript Error: "Invalid autocomplete selectedIndex" {file: "resource://gre/actors/AutoCompleteChild.jsm" line: 208}]' when calling method: [nsIAutoCompletePopup::selectedIndex]
JavaScript warning: https://a.espncdn.com/players/web-player-bundle/2.1.0/espn-web-player-bundle.js, line 9599: unreachable code after return statement
JavaScript warning: https://a.espncdn.com/players/web-player-bundle/2.1.0/espn-web-player-bundle.js, line 9599: unreachable code after return statement
JavaScript error: https://nexus.ensighten.com/TWDC-DTCI/prod/code/319e93cc8c5e42d1bf288b1cd82daab4.js?conditionId0=4872138, line 25: TypeError: __dataLayer.page.section is undefined
JavaScript error: , line 0: NotAllowedError: The play method is not allowed by the user agent or the platform in the current context, possibly because the user denied permission.
JavaScript error: , line 0: NotAllowedError: The play method is not allowed by the user agent or the platform in the current context, possibly because the user denied permission.
console.error: (new TypeError("parent is null", "resource://devtools/client/inspector/shared/style-change-tracker.js", 67))
TypeError: parent is null: canMutationImpactCurrentStyles@resource://devtools/client/inspector/shared/style-change-tracker.js:67:24
onMutations@resource://devtools/client/inspector/shared/style-change-tracker.js:84:41
_emit@resource://devtools/shared/event-emitter.js:226:34
emit@resource://devtools/shared/event-emitter.js:172:18
emit@resource://devtools/shared/event-emitter.js:324:18
getMutations@resource://devtools/client/fronts/walker.js:409:10

console.error: (new TypeError("container.node.targetFront is null", "resource://devtools/client/inspector/markup/markup.js", 2245))
1597880477381	Marionette	INFO	Stopped listening on port 57211

###!!! [Child][RunMessage] Error: Channel closing: too late to send/recv, messages will be lost


###!!! [Child][MessageChannel::SendAndWait] Error: Channel error: cannot send/recv

1597880497146	geckodriver	INFO	Listening on 127.0.0.1:58187
1597880500139	mozrunner::runner	INFO	Running command: "C:\\Program Files\\Mozilla Firefox\\firefox.exe" "--marionette" "-foreground" "-no-remote" "-profile" "C:\\Users\\jlwhi\\AppData\\Local\\Temp\\rust_mozprofileaaZ2dD"
JavaScript error: resource://gre/modules/XULStore.jsm, line 66: Error: Can't find profile directory.
console.error: SearchCache: "_readCacheFile: Error reading cache file:" (new Error("", "(unknown module)"))
1597880503371	Marionette	INFO	Listening on port 58195
1597880503752	Marionette	WARN	TLS certificate errors will be ignored for this session
JavaScript error: resource://gre/actors/AutoCompleteChild.jsm, line 208: Error: Invalid autocomplete selectedIndex
JavaScript error: resource://gre/actors/AutoCompleteChild.jsm, line 208: Error: Invalid autocomplete selectedIndex
JavaScript error: resource://gre/modules/LoginManagerChild.jsm, line 177: NS_ERROR_XPC_JAVASCRIPT_ERROR_WITH_DETAILS: [JavaScript Error: "Invalid autocomplete selectedIndex" {file: "resource://gre/actors/AutoCompleteChild.jsm" line: 208}]'[JavaScript Error: "Invalid autocomplete selectedIndex" {file: "resource://gre/actors/AutoCompleteChild.jsm" line: 208}]' when calling method: [nsIAutoCompletePopup::selectedIndex]
JavaScript error: resource://gre/actors/PictureInPictureChild.jsm, line 114: InvalidStateError: An attempt was made to use an object that is not, or is no longer, usable
JavaScript warning: https://a.espncdn.com/players/web-player-bundle/2.1.0/espn-web-player-bundle.js, line 9599: unreachable code after return statement
JavaScript warning: https://a.espncdn.com/players/web-player-bundle/2.1.0/espn-web-player-bundle.js, line 9599: unreachable code after return statement
JavaScript error: https://nexus.ensighten.com/TWDC-DTCI/prod/code/319e93cc8c5e42d1bf288b1cd82daab4.js?conditionId0=4872138, line 25: TypeError: __dataLayer.page.section is undefined
JavaScript error: , line 0: NotAllowedError: The play method is not allowed by the user agent or the platform in the current context, possibly because the user denied permission.
1597892423391	Marionette	INFO	Stopped listening on port 58195

###!!! [Child][RunMessage] Error: Channel closing: too late to send/recv, messages will be lost


###!!! [Child][RunMessage] Error: Channel closing: too late to send/recv, messages will be lost


###!!! [Child][MessageChannel::SendAndWait] Error: Channel error: cannot send/recv

1597893334302	geckodriver	INFO	Listening on 127.0.0.1:61611
1597893337429	mozrunner::runner	INFO	Running command: "C:\\Program Files\\Mozilla Firefox\\firefox.exe" "--marionette" "-foreground" "-no-remote" "-profile" "C:\\Users\\jlwhi\\AppData\\Local\\Temp\\rust_mozprofilebGevKK"
JavaScript error: resource://gre/modules/XULStore.jsm, line 66: Error: Can't find profile directory.
console.error: SearchCache: "_readCacheFile: Error reading cache file:" (new Error("", "(unknown module)"))
1597893342567	Marionette	INFO	Listening on port 61619
1597893342681	Marionette	WARN	TLS certificate errors will be ignored for this session
JavaScript error: resource://gre/actors/AutoCompleteChild.jsm, line 208: Error: Invalid autocomplete selectedIndex
JavaScript error: resource://gre/actors/AutoCompleteChild.jsm, line 208: Error: Invalid autocomplete selectedIndex
JavaScript error: resource://gre/modules/LoginManagerChild.jsm, line 177: NS_ERROR_XPC_JAVASCRIPT_ERROR_WITH_DETAILS: [JavaScript Error: "Invalid autocomplete selectedIndex" {file: "resource://gre/actors/AutoCompleteChild.jsm" line: 208}]'[JavaScript Error: "Invalid autocomplete selectedIndex" {file: "resource://gre/actors/AutoCompleteChild.jsm" line: 208}]' when calling method: [nsIAutoCompletePopup::selectedIndex]
JavaScript error: https://cdn-ssl.vidible.tv/prod/ad-client/js/10.2.51/0.js, line 612: NS_ERROR_NOT_INITIALIZED: 
JavaScript error: https://cdn-ssl.vidible.tv/prod/ad-client/js/10.2.51/0.js, line 612: NS_ERROR_NOT_INITIALIZED: 
JavaScript error: , line 0: uncaught exception: undefined
JavaScript error: https://vidstat.taboola.com/vpaid/units/27_6_25/infra/cmTagCUSTOM.js, line 1: TypeError: cmTag.logger is undefined
JavaScript warning: https://a.espncdn.com/players/web-player-bundle/2.1.0/espn-web-player-bundle.js, line 9599: unreachable code after return statement
JavaScript warning: https://a.espncdn.com/players/web-player-bundle/2.1.0/espn-web-player-bundle.js, line 9599: unreachable code after return statement
JavaScript error: https://nexus.ensighten.com/TWDC-DTCI/prod/code/319e93cc8c5e42d1bf288b1cd82daab4.js?conditionId0=4872138, line 25: TypeError: __dataLayer.page.section is undefined
JavaScript error: , line 0: NotAllowedError: The play method is not allowed by the user agent or the platform in the current context, possibly because the user denied permission.
JavaScript error: , line 0: NotAllowedError: The play method is not allowed by the user agent or the platform in the current context, possibly because the user denied permission.
1597895431992	Marionette	INFO	Stopped listening on port 61619

###!!! [Child][RunMessage] Error: Channel closing: too late to send/recv, messages will be lost


###!!! [Child][MessageChannel::SendAndWait] Error: Channel error: cannot send/recv

1597924062421	geckodriver	INFO	Listening on 127.0.0.1:63540
1597924065468	mozrunner::runner	INFO	Running command: "C:\\Program Files\\Mozilla Firefox\\firefox.exe" "--marionette" "-foreground" "-no-remote" "-profile" "C:\\Users\\jlwhi\\AppData\\Local\\Temp\\rust_mozprofileVrbdeO"
JavaScript error: resource://gre/modules/XULStore.jsm, line 66: Error: Can't find profile directory.
console.error: SearchCache: "_readCacheFile: Error reading cache file:" (new Error("", "(unknown module)"))
1597924068418	Marionette	INFO	Listening on port 63548
1597924068659	Marionette	WARN	TLS certificate errors will be ignored for this session
JavaScript error: https://acds.prod.vidible.tv/o2shim?companionId=&cpmPassback=&placementId=985908&orgId=8603&injectCompanionDummy=&pauseOnClick=&d.vw=&d.app=&r=https%3A%2F%2Ffantasy.espn.com&vrid=72d158cf-6d64-4297-a0db-122509220bab&pblob=, line 20: TypeError: l is undefined
JavaScript error: https://acds.prod.vidible.tv/o2shim?companionId=&cpmPassback=&placementId=985908&orgId=8603&injectCompanionDummy=&pauseOnClick=&d.vw=&d.app=&r=https%3A%2F%2Ffantasy.espn.com&vrid=72d158cf-6d64-4297-a0db-122509220bab&pblob=, line 20: TypeError: l is undefined
JavaScript error: https://acds.prod.vidible.tv/o2shim?companionId=&cpmPassback=&placementId=985908&orgId=8603&injectCompanionDummy=&pauseOnClick=&d.vw=&d.app=&r=https%3A%2F%2Ffantasy.espn.com&vrid=72d158cf-6d64-4297-a0db-122509220bab&pblob=, line 20: TypeError: l is undefined
JavaScript error: https://acds.prod.vidible.tv/o2shim?companionId=&cpmPassback=&placementId=985908&orgId=8603&injectCompanionDummy=&pauseOnClick=&d.vw=&d.app=&r=https%3A%2F%2Ffantasy.espn.com&vrid=72d158cf-6d64-4297-a0db-122509220bab&pblob=, line 20: TypeError: l is undefined
JavaScript error: https://acds.prod.vidible.tv/o2shim?companionId=&cpmPassback=&placementId=985908&orgId=8603&injectCompanionDummy=&pauseOnClick=&d.vw=&d.app=&r=https%3A%2F%2Ffantasy.espn.com&vrid=72d158cf-6d64-4297-a0db-122509220bab&pblob=, line 20: TypeError: l is undefined
JavaScript error: https://acds.prod.vidible.tv/o2shim?companionId=&cpmPassback=&placementId=985908&orgId=8603&injectCompanionDummy=&pauseOnClick=&d.vw=&d.app=&r=https%3A%2F%2Ffantasy.espn.com&vrid=72d158cf-6d64-4297-a0db-122509220bab&pblob=, line 20: TypeError: l is undefined
JavaScript error: https://acds.prod.vidible.tv/o2shim?companionId=&cpmPassback=&placementId=985908&orgId=8603&injectCompanionDummy=&pauseOnClick=&d.vw=&d.app=&r=https%3A%2F%2Ffantasy.espn.com&vrid=72d158cf-6d64-4297-a0db-122509220bab&pblob=, line 20: TypeError: l is undefined
JavaScript error: https://acds.prod.vidible.tv/o2shim?companionId=&cpmPassback=&placementId=985908&orgId=8603&injectCompanionDummy=&pauseOnClick=&d.vw=&d.app=&r=https%3A%2F%2Ffantasy.espn.com&vrid=72d158cf-6d64-4297-a0db-122509220bab&pblob=, line 20: TypeError: l is undefined
JavaScript error: https://acds.prod.vidible.tv/o2shim?companionId=&cpmPassback=&placementId=985908&orgId=8603&injectCompanionDummy=&pauseOnClick=&d.vw=&d.app=&r=https%3A%2F%2Ffantasy.espn.com&vrid=72d158cf-6d64-4297-a0db-122509220bab&pblob=, line 20: TypeError: l is undefined
JavaScript error: https://acds.prod.vidible.tv/o2shim?companionId=&cpmPassback=&placementId=985908&orgId=8603&injectCompanionDummy=&pauseOnClick=&d.vw=&d.app=&r=https%3A%2F%2Ffantasy.espn.com&vrid=72d158cf-6d64-4297-a0db-122509220bab&pblob=, line 20: TypeError: l is undefined
JavaScript error: https://acds.prod.vidible.tv/o2shim?companionId=&cpmPassback=&placementId=985908&orgId=8603&injectCompanionDummy=&pauseOnClick=&d.vw=&d.app=&r=https%3A%2F%2Ffantasy.espn.com&vrid=72d158cf-6d64-4297-a0db-122509220bab&pblob=, line 20: TypeError: l is undefined
JavaScript error: https://acds.prod.vidible.tv/o2shim?companionId=&cpmPassback=&placementId=985908&orgId=8603&injectCompanionDummy=&pauseOnClick=&d.vw=&d.app=&r=https%3A%2F%2Ffantasy.espn.com&vrid=72d158cf-6d64-4297-a0db-122509220bab&pblob=, line 20: TypeError: l is undefined
JavaScript error: https://acds.prod.vidible.tv/o2shim?companionId=&cpmPassback=&placementId=985908&orgId=8603&injectCompanionDummy=&pauseOnClick=&d.vw=&d.app=&r=https%3A%2F%2Ffantasy.espn.com&vrid=72d158cf-6d64-4297-a0db-122509220bab&pblob=, line 20: TypeError: l is undefined
JavaScript error: https://acds.prod.vidible.tv/o2shim?companionId=&cpmPassback=&placementId=985908&orgId=8603&injectCompanionDummy=&pauseOnClick=&d.vw=&d.app=&r=https%3A%2F%2Ffantasy.espn.com&vrid=72d158cf-6d64-4297-a0db-122509220bab&pblob=, line 20: TypeError: l is undefined
JavaScript error: https://acds.prod.vidible.tv/o2shim?companionId=&cpmPassback=&placementId=985908&orgId=8603&injectCompanionDummy=&pauseOnClick=&d.vw=&d.app=&r=https%3A%2F%2Ffantasy.espn.com&vrid=72d158cf-6d64-4297-a0db-122509220bab&pblob=, line 20: TypeError: l is undefined
JavaScript error: https://acds.prod.vidible.tv/o2shim?companionId=&cpmPassback=&placementId=985908&orgId=8603&injectCompanionDummy=&pauseOnClick=&d.vw=&d.app=&r=https%3A%2F%2Ffantasy.espn.com&vrid=72d158cf-6d64-4297-a0db-122509220bab&pblob=, line 20: TypeError: l is undefined
JavaScript error: https://acds.prod.vidible.tv/o2shim?companionId=&cpmPassback=&placementId=985908&orgId=8603&injectCompanionDummy=&pauseOnClick=&d.vw=&d.app=&r=https%3A%2F%2Ffantasy.espn.com&vrid=72d158cf-6d64-4297-a0db-122509220bab&pblob=, line 20: TypeError: l is undefined
JavaScript error: https://acds.prod.vidible.tv/o2shim?companionId=&cpmPassback=&placementId=985908&orgId=8603&injectCompanionDummy=&pauseOnClick=&d.vw=&d.app=&r=https%3A%2F%2Ffantasy.espn.com&vrid=72d158cf-6d64-4297-a0db-122509220bab&pblob=, line 20: TypeError: l is undefined
JavaScript error: https://acds.prod.vidible.tv/o2shim?companionId=&cpmPassback=&placementId=985908&orgId=8603&injectCompanionDummy=&pauseOnClick=&d.vw=&d.app=&r=https%3A%2F%2Ffantasy.espn.com&vrid=72d158cf-6d64-4297-a0db-122509220bab&pblob=, line 20: TypeError: l is undefined
JavaScript error: https://acds.prod.vidible.tv/o2shim?companionId=&cpmPassback=&placementId=985908&orgId=8603&injectCompanionDummy=&pauseOnClick=&d.vw=&d.app=&r=https%3A%2F%2Ffantasy.espn.com&vrid=72d158cf-6d64-4297-a0db-122509220bab&pblob=, line 20: TypeError: l is undefined
JavaScript error: https://acds.prod.vidible.tv/o2shim?companionId=&cpmPassback=&placementId=985908&orgId=8603&injectCompanionDummy=&pauseOnClick=&d.vw=&d.app=&r=https%3A%2F%2Ffantasy.espn.com&vrid=72d158cf-6d64-4297-a0db-122509220bab&pblob=, line 20: TypeError: l is undefined
JavaScript error: https://acds.prod.vidible.tv/o2shim?companionId=&cpmPassback=&placementId=985908&orgId=8603&injectCompanionDummy=&pauseOnClick=&d.vw=&d.app=&r=https%3A%2F%2Ffantasy.espn.com&vrid=72d158cf-6d64-4297-a0db-122509220bab&pblob=, line 20: TypeError: l is undefined
JavaScript error: https://acds.prod.vidible.tv/o2shim?companionId=&cpmPassback=&placementId=985908&orgId=8603&injectCompanionDummy=&pauseOnClick=&d.vw=&d.app=&r=https%3A%2F%2Ffantasy.espn.com&vrid=72d158cf-6d64-4297-a0db-122509220bab&pblob=, line 20: TypeError: l is undefined
JavaScript error: https://acds.prod.vidible.tv/o2shim?companionId=&cpmPassback=&placementId=985908&orgId=8603&injectCompanionDummy=&pauseOnClick=&d.vw=&d.app=&r=https%3A%2F%2Ffantasy.espn.com&vrid=72d158cf-6d64-4297-a0db-122509220bab&pblob=, line 20: TypeError: l is undefined
JavaScript error: https://acds.prod.vidible.tv/o2shim?companionId=&cpmPassback=&placementId=985908&orgId=8603&injectCompanionDummy=&pauseOnClick=&d.vw=&d.app=&r=https%3A%2F%2Ffantasy.espn.com&vrid=72d158cf-6d64-4297-a0db-122509220bab&pblob=, line 20: TypeError: l is undefined
JavaScript error: https://acds.prod.vidible.tv/o2shim?companionId=&cpmPassback=&placementId=985908&orgId=8603&injectCompanionDummy=&pauseOnClick=&d.vw=&d.app=&r=https%3A%2F%2Ffantasy.espn.com&vrid=72d158cf-6d64-4297-a0db-122509220bab&pblob=, line 20: TypeError: l is undefined
JavaScript error: https://acds.prod.vidible.tv/o2shim?companionId=&cpmPassback=&placementId=985908&orgId=8603&injectCompanionDummy=&pauseOnClick=&d.vw=&d.app=&r=https%3A%2F%2Ffantasy.espn.com&vrid=72d158cf-6d64-4297-a0db-122509220bab&pblob=, line 19: TypeError: n is undefined
JavaScript error: https://acds.prod.vidible.tv/o2shim?companionId=&cpmPassback=&placementId=985908&orgId=8603&injectCompanionDummy=&pauseOnClick=&d.vw=&d.app=&r=https%3A%2F%2Ffantasy.espn.com&vrid=72d158cf-6d64-4297-a0db-122509220bab&pblob=, line 19: TypeError: b is undefined
JavaScript error: resource://gre/actors/AutoCompleteChild.jsm, line 208: Error: Invalid autocomplete selectedIndex
JavaScript error: resource://gre/actors/AutoCompleteChild.jsm, line 208: Error: Invalid autocomplete selectedIndex
JavaScript error: resource://gre/modules/LoginManagerChild.jsm, line 177: NS_ERROR_XPC_JAVASCRIPT_ERROR_WITH_DETAILS: [JavaScript Error: "Invalid autocomplete selectedIndex" {file: "resource://gre/actors/AutoCompleteChild.jsm" line: 208}]'[JavaScript Error: "Invalid autocomplete selectedIndex" {file: "resource://gre/actors/AutoCompleteChild.jsm" line: 208}]' when calling method: [nsIAutoCompletePopup::selectedIndex]
JavaScript warning: https://a.espncdn.com/players/web-player-bundle/2.1.0/espn-web-player-bundle.js, line 9599: unreachable code after return statement
JavaScript warning: https://a.espncdn.com/players/web-player-bundle/2.1.0/espn-web-player-bundle.js, line 9599: unreachable code after return statement
JavaScript error: https://nexus.ensighten.com/TWDC-DTCI/prod/code/319e93cc8c5e42d1bf288b1cd82daab4.js?conditionId0=4872138, line 25: TypeError: __dataLayer.page.section is undefined
JavaScript error: , line 0: NotAllowedError: The play method is not allowed by the user agent or the platform in the current context, possibly because the user denied permission.
JavaScript error: , line 0: NotAllowedError: The play method is not allowed by the user agent or the platform in the current context, possibly because the user denied permission.
1597926510924	Marionette	INFO	Stopped listening on port 63548

###!!! [Child][RunMessage] Error: Channel closing: too late to send/recv, messages will be lost


###!!! [Child][MessageChannel::SendAndWait] Error: Channel error: cannot send/recv

1597926513848	geckodriver	INFO	Listening on 127.0.0.1:64979
1597926518396	mozrunner::runner	INFO	Running command: "C:\\Program Files\\Mozilla Firefox\\firefox.exe" "--marionette" "-foreground" "-no-remote" "-profile" "C:\\Users\\jlwhi\\AppData\\Local\\Temp\\rust_mozprofile7ZqNgd"
JavaScript error: resource://gre/modules/XULStore.jsm, line 66: Error: Can't find profile directory.
console.error: SearchCache: "_readCacheFile: Error reading cache file:" (new Error("", "(unknown module)"))
1597926521201	Marionette	INFO	Listening on port 64989
1597926521565	Marionette	WARN	TLS certificate errors will be ignored for this session
JavaScript error: resource://gre/actors/AutoCompleteChild.jsm, line 208: Error: Invalid autocomplete selectedIndex
JavaScript error: resource://gre/actors/AutoCompleteChild.jsm, line 208: Error: Invalid autocomplete selectedIndex
JavaScript error: resource://gre/modules/LoginManagerChild.jsm, line 177: NS_ERROR_XPC_JAVASCRIPT_ERROR_WITH_DETAILS: [JavaScript Error: "Invalid autocomplete selectedIndex" {file: "resource://gre/actors/AutoCompleteChild.jsm" line: 208}]'[JavaScript Error: "Invalid autocomplete selectedIndex" {file: "resource://gre/actors/AutoCompleteChild.jsm" line: 208}]' when calling method: [nsIAutoCompletePopup::selectedIndex]
JavaScript error: https://nexus.ensighten.com/TWDC-DTCI/prod/code/319e93cc8c5e42d1bf288b1cd82daab4.js?conditionId0=4872138, line 25: TypeError: __dataLayer.page.section is undefined
1597926582510	Marionette	INFO	Stopped listening on port 64989

###!!! [Child][MessageChannel::SendAndWait] Error: Channel error: cannot send/recv

firefox.exe" "--marionette" "-foreground" "-no-remote" "-profile" "C:\\Users\\jlwhi\\AppData\\Local\\Temp\\rust_mozprofileSpn6UE"
JavaScript error: resource://gre/modules/XULStore.jsm, line 66: Error: Can't find profile directory.
console.error: SearchCache: "_readCacheFile: Error reading cache file:" (new Error("", "(unknown module)"))
1597926581533	Marionette	INFO	Listening on port 65222
1597926581980	Marionette	WARN	TLS certificate errors will be ignored for this session
1597926600954	Marionette	INFO	Stopped listening on port 65222

###!!! [Child][RunMessage] Error: Channel closing: too late to send/recv, messages will be lost


###!!! [Child][MessageChannel::SendAndWait] Error: Channel error: cannot send/recv

1597926612991	geckodriver	INFO	Listening on 127.0.0.1:65288
1597926616049	mozrunner::runner	INFO	Running command: "C:\\Program Files\\Mozilla Firefox\\firefox.exe" "--marionette" "-foreground" "-no-remote" "-profile" "C:\\Users\\jlwhi\\AppData\\Local\\Temp\\rust_mozprofileYuDq9Z"
JavaScript error: resource://gre/modules/XULStore.jsm, line 66: Error: Can't find profile directory.
console.error: SearchCache: "_readCacheFile: Error reading cache file:" (new Error("", "(unknown module)"))
1597926618721	Marionette	INFO	Listening on port 65298
1597926619219	Marionette	WARN	TLS certificate errors will be ignored for this session
JavaScript error: resource://gre/actors/AutoCompleteChild.jsm, line 208: Error: Invalid autocomplete selectedIndex
JavaScript error: resource://gre/actors/AutoCompleteChild.jsm, line 208: Error: Invalid autocomplete selectedIndex
JavaScript error: resource://gre/modules/LoginManagerChild.jsm, line 177: NS_ERROR_XPC_JAVASCRIPT_ERROR_WITH_DETAILS: [JavaScript Error: "Invalid autocomplete selectedIndex" {file: "resource://gre/actors/AutoCompleteChild.jsm" line: 208}]'[JavaScript Error: "Invalid autocomplete selectedIndex" {file: "resource://gre/actors/AutoCompleteChild.jsm" line: 208}]' when calling method: [nsIAutoCompletePopup::selectedIndex]
IPDL protocol error: Handler returned error code!

###!!! [Parent][DispatchAsyncMessage] Error: PMessagePort::Msg_PostMessages Processing error: message was deserialized, but the handler returned false (indicating failure)

JavaScript error: https://nexus.ensighten.com/TWDC-DTCI/prod/code/319e93cc8c5e42d1bf288b1cd82daab4.js?conditionId0=4872138, line 25: TypeError: __dataLayer.page.section is undefined
console.error: (new TypeError("parent is null", "resource://devtools/client/inspector/shared/style-change-tracker.js", 67))
TypeError: parent is null: canMutationImpactCurrentStyles@resource://devtools/client/inspector/shared/style-change-tracker.js:67:24
onMutations@resource://devtools/client/inspector/shared/style-change-tracker.js:84:41
_emit@resource://devtools/shared/event-emitter.js:226:34
emit@resource://devtools/shared/event-emitter.js:172:18
emit@resource://devtools/shared/event-emitter.js:324:18
getMutations@resource://devtools/client/fronts/walker.js:409:10

console.error: "Error while calling actor 'pagestyle's method 'getLayout'" "node is null"
console.error: "getLayout@resource://devtools/server/actors/styles.js:1013:5\nhandler@resource://devtools/shared/protocol/Actor.js:162:37\nonPacket@resource://devtools/server/devtools-server-connection.js:379:58\nreceiveMessage@resource://devtools/shared/transport/child-transport.js:66:16\n"
console.error: (new Error("Protocol error (TypeError): node is null from: server0.conn0.child2/pagestyle26 (resource://devtools/server/actors/styles.js:1013:5)", "resource://devtools/shared/protocol/Front.js", 323))
console.error: (new TypeError("parent is null", "resource://devtools/client/inspector/shared/style-change-tracker.js", 67))
TypeError: parent is null: canMutationImpactCurrentStyles@resource://devtools/client/inspector/shared/style-change-tracker.js:67:24
onMutations@resource://devtools/client/inspector/shared/style-change-tracker.js:84:41
_emit@resource://devtools/shared/event-emitter.js:226:34
emit@resource://devtools/shared/event-emitter.js:172:18
emit@resource://devtools/shared/event-emitter.js:324:18
getMutations@resource://devtools/client/fronts/walker.js:409:10

console.error: "Error while calling actor 'pagestyle's method 'getLayout'" "node is null"
console.error: "getLayout@resource://devtools/server/actors/styles.js:1013:5\nhandler@resource://devtools/shared/protocol/Actor.js:162:37\nonPacket@resource://devtools/server/devtools-server-connection.js:379:58\nreceiveMessage@resource://devtools/shared/transport/child-transport.js:66:16\n"
console.error: (new Error("Protocol error (TypeError): node is null from: server0.conn0.child2/pagestyle26 (resource://devtools/server/actors/styles.js:1013:5)", "resource://devtools/shared/protocol/Front.js", 323))
console.error: (new TypeError("parent is null", "resource://devtools/client/inspector/shared/style-change-tracker.js", 67))
TypeError: parent is null: canMutationImpactCurrentStyles@resource://devtools/client/inspector/shared/style-change-tracker.js:67:24
onMutations@resource://devtools/client/inspector/shared/style-change-tracker.js:84:41
_emit@resource://devtools/shared/event-emitter.js:226:34
emit@resource://devtools/shared/event-emitter.js:172:18
emit@resource://devtools/shared/event-emitter.js:324:18
getMutations@resource://devtools/client/fronts/walker.js:409:10

console.error: (new TypeError("parent is null", "resource://devtools/client/inspector/shared/style-change-tracker.js", 67))
TypeError: parent is null: canMutationImpactCurrentStyles@resource://devtools/client/inspector/shared/style-change-tracker.js:67:24
onMutations@resource://devtools/client/inspector/shared/style-change-tracker.js:84:41
_emit@resource://devtools/shared/event-emitter.js:226:34
emit@resource://devtools/shared/event-emitter.js:172:18
emit@resource://devtools/shared/event-emitter.js:324:18
getMutations@resource://devtools/client/fronts/walker.js:409:10

console.error: (new TypeError("parent is null", "resource://devtools/client/inspector/shared/style-change-tracker.js", 67))
TypeError: parent is null: canMutationImpactCurrentStyles@resource://devtools/client/inspector/shared/style-change-tracker.js:67:24
onMutations@resource://devtools/client/inspector/shared/style-change-tracker.js:84:41
_emit@resource://devtools/shared/event-emitter.js:226:34
emit@resource://devtools/shared/event-emitter.js:172:18
emit@resource://devtools/shared/event-emitter.js:324:18
getMutations@resource://devtools/client/fronts/walker.js:409:10

console.error: (new TypeError("parent is null", "resource://devtools/client/inspector/shared/style-change-tracker.js", 67))
TypeError: parent is null: canMutationImpactCurrentStyles@resource://devtools/client/inspector/shared/style-change-tracker.js:67:24
onMutations@resource://devtools/client/inspector/shared/style-change-tracker.js:84:41
_emit@resource://devtools/shared/event-emitter.js:226:34
emit@resource://devtools/shared/event-emitter.js:172:18
emit@resource://devtools/shared/event-emitter.js:324:18
getMutations@resource://devtools/client/fronts/walker.js:409:10

1597944438648	Marionette	INFO	Stopped listening on port 65298

###!!! [Child][MessageChannel::SendAndWait] Error: Channel error: cannot send/recv

1597944484656	geckodriver	INFO	Listening on 127.0.0.1:57816
1597944487703	mozrunner::runner	INFO	Running command: "C:\\Program Files\\Mozilla Firefox\\firefox.exe" "--marionette" "-foreground" "-no-remote" "-profile" "C:\\Users\\jlwhi\\AppData\\Local\\Temp\\rust_mozprofile4mDAaT"
JavaScript error: resource://gre/modules/XULStore.jsm, line 66: Error: Can't find profile directory.
console.error: SearchCache: "_readCacheFile: Error reading cache file:" (new Error("", "(unknown module)"))
1597944490347	Marionette	INFO	Listening on port 57824
1597944490402	Marionette	WARN	TLS certificate errors will be ignored for this session
JavaScript error: resource://gre/actors/AutoCompleteChild.jsm, line 208: Error: Invalid autocomplete selectedIndex
JavaScript error: resource://gre/actors/AutoCompleteChild.jsm, line 208: Error: Invalid autocomplete selectedIndex
JavaScript error: resource://gre/modules/LoginManagerChild.jsm, line 177: NS_ERROR_XPC_JAVASCRIPT_ERROR_WITH_DETAILS: [JavaScript Error: "Invalid autocomplete selectedIndex" {file: "resource://gre/actors/AutoCompleteChild.jsm" line: 208}]'[JavaScript Error: "Invalid autocomplete selectedIndex" {file: "resource://gre/actors/AutoCompleteChild.jsm" line: 208}]' when calling method: [nsIAutoCompletePopup::selectedIndex]
JavaScript warning: https://a.espncdn.com/players/web-player-bundle/2.1.0/espn-web-player-bundle.js, line 9599: unreachable code after return statement
JavaScript warning: https://a.espncdn.com/players/web-player-bundle/2.1.0/espn-web-player-bundle.js, line 9599: unreachable code after return statement
JavaScript error: https://nexus.ensighten.com/TWDC-DTCI/prod/code/319e93cc8c5e42d1bf288b1cd82daab4.js?conditionId0=4872138, line 25: TypeError: __dataLayer.page.section is undefined
JavaScript error: , line 0: NotAllowedError: The play method is not allowed by the user agent or the platform in the current context, possibly because the user denied permission.
JavaScript error: , line 0: NotAllowedError: The play method is not allowed by the user agent or the platform in the current context, possibly because the user denied permission.
JavaScript error: , line 0: NotAllowedError: The play method is not allowed by the user agent or the platform in the current context, possibly because the user denied permission.
1597945222816	Marionette	INFO	Stopped listening on port 57824

###!!! [Child][RunMessage] Error: Channel closing: too late to send/recv, messages will be lost


###!!! [Child][RunMessage] Error: Channel closing: too late to send/recv, messages will be lost


###!!! [Child][RunMessage] Error: Channel closing: too late to send/recv, messages will be lost


###!!! [Child][MessageChannel::SendAndWait] Error: Channel error: cannot send/recv

1597976270662	geckodriver	INFO	Listening on 127.0.0.1:49938
1597976273765	mozrunner::runner	INFO	Running command: "C:\\Program Files\\Mozilla Firefox\\firefox.exe" "--marionette" "-foreground" "-no-remote" "-profile" "C:\\Users\\jlwhi\\AppData\\Local\\Temp\\rust_mozprofiler8sVE1"
JavaScript error: resource://gre/modules/XULStore.jsm, line 66: Error: Can't find profile directory.
console.error: SearchCache: "_readCacheFile: Error reading cache file:" (new Error("", "(unknown module)"))
1597976278149	Marionette	INFO	Listening on port 49946
1597976278518	Marionette	WARN	TLS certificate errors will be ignored for this session
JavaScript error: resource://gre/actors/AutoCompleteChild.jsm, line 208: Error: Invalid autocomplete selectedIndex
JavaScript error: resource://gre/actors/AutoCompleteChild.jsm, line 208: Error: Invalid autocomplete selectedIndex
JavaScript error: resource://gre/modules/LoginManagerChild.jsm, line 177: NS_ERROR_XPC_JAVASCRIPT_ERROR_WITH_DETAILS: [JavaScript Error: "Invalid autocomplete selectedIndex" {file: "resource://gre/actors/AutoCompleteChild.jsm" line: 208}]'[JavaScript Error: "Invalid autocomplete selectedIndex" {file: "resource://gre/actors/AutoCompleteChild.jsm" line: 208}]' when calling method: [nsIAutoCompletePopup::selectedIndex]
JavaScript error: https://vidstat.taboola.com/vpaid/units/27_6_25/infra/cmTagCUSTOM.js, line 1: TypeError: cmTag.logger is undefined
JavaScript error: https://cdn-ssl.vidible.tv/prod/ad-client/js/10.2.51/0.js, line 612: NS_ERROR_NOT_INITIALIZED: 
JavaScript warning: https://a.espncdn.com/players/web-player-bundle/2.1.0/espn-web-player-bundle.js, line 9599: unreachable code after return statement
JavaScript warning: https://a.espncdn.com/players/web-player-bundle/2.1.0/espn-web-player-bundle.js, line 9599: unreachable code after return statement
JavaScript error: https://nexus.ensighten.com/TWDC-DTCI/prod/code/319e93cc8c5e42d1bf288b1cd82daab4.js?conditionId0=4872138, line 25: TypeError: __dataLayer.page.section is undefined
JavaScript error: , line 0: NotAllowedError: The play method is not allowed by the user agent or the platform in the current context, possibly because the user denied permission.
JavaScript error: , line 0: NotAllowedError: The play method is not allowed by the user agent or the platform in the current context, possibly because the user denied permission.

###!!! [Child][RunMessage] Error: Channel closing: too late to send/recv, messages will be lost

1597976484600	Marionette	INFO	Stopped listening on port 49946

###!!! [Child][RunMessage] Error: Channel closing: too late to send/recv, messages will be lost


###!!! [Child][MessageChannel::SendAndWait] Error: Channel error: cannot send/recv

1597976515263	geckodriver	INFO	Listening on 127.0.0.1:50429
1597976518326	mozrunner::runner	INFO	Running command: "C:\\Program Files\\Mozilla Firefox\\firefox.exe" "--marionette" "-foreground" "-no-remote" "-profile" "C:\\Users\\jlwhi\\AppData\\Local\\Temp\\rust_mozprofilej2U0Wo"
JavaScript error: resource://gre/modules/XULStore.jsm, line 66: Error: Can't find profile directory.
console.error: SearchCache: "_readCacheFile: Error reading cache file:" (new Error("", "(unknown module)"))
1597976522481	Marionette	INFO	Listening on port 50437
1597976522493	Marionette	WARN	TLS certificate errors will be ignored for this session
JavaScript error: resource://gre/actors/AutoCompleteChild.jsm, line 208: Error: Invalid autocomplete selectedIndex
JavaScript error: resource://gre/actors/AutoCompleteChild.jsm, line 208: Error: Invalid autocomplete selectedIndex
JavaScript error: resource://gre/modules/LoginManagerChild.jsm, line 177: NS_ERROR_XPC_JAVASCRIPT_ERROR_WITH_DETAILS: [JavaScript Error: "Invalid autocomplete selectedIndex" {file: "resource://gre/actors/AutoCompleteChild.jsm" line: 208}]'[JavaScript Error: "Invalid autocomplete selectedIndex" {file: "resource://gre/actors/AutoCompleteChild.jsm" line: 208}]' when calling method: [nsIAutoCompletePopup::selectedIndex]
JavaScript error: , line 0: NotAllowedError: The play method is not allowed by the user agent or the platform in the current context, possibly because the user denied permission.
JavaScript error: https://nexus.ensighten.com/TWDC-DTCI/prod/code/319e93cc8c5e42d1bf288b1cd82daab4.js?conditionId0=4872138, line 25: TypeError: __dataLayer.page.section is undefined
1597976635031	Marionette	INFO	Stopped listening on port 50437

###!!! [Child][RunMessage] Error: Channel closing: too late to send/recv, messages will be lost


###!!! [Child][MessageChannel::SendAndWait] Error: Channel error: cannot send/recv

1597976669919	geckodriver	INFO	Listening on 127.0.0.1:50734
1597976672974	mozrunner::runner	INFO	Running command: "C:\\Program Files\\Mozilla Firefox\\firefox.exe" "--marionette" "-foreground" "-no-remote" "-profile" "C:\\Users\\jlwhi\\AppData\\Local\\Temp\\rust_mozprofileJlP9m3"
JavaScript error: resource://gre/modules/XULStore.jsm, line 66: Error: Can't find profile directory.
console.error: SearchCache: "_readCacheFile: Error reading cache file:" (new Error("", "(unknown module)"))
1597976677244	Marionette	INFO	Listening on port 50742
1597976677267	Marionette	WARN	TLS certificate errors will be ignored for this session
JavaScript error: https://tpc.googlesyndication.com/pagead/js/r20200818/r20110914/client/qs_click_protection_fy2019.js, line 14: NS_ERROR_NOT_INITIALIZED: 
JavaScript error: resource://gre/actors/AutoCompleteChild.jsm, line 208: Error: Invalid autocomplete selectedIndex
JavaScript error: resource://gre/actors/AutoCompleteChild.jsm, line 208: Error: Invalid autocomplete selectedIndex
JavaScript error: resource://gre/modules/LoginManagerChild.jsm, line 177: NS_ERROR_XPC_JAVASCRIPT_ERROR_WITH_DETAILS: [JavaScript Error: "Invalid autocomplete selectedIndex" {file: "resource://gre/actors/AutoCompleteChild.jsm" line: 208}]'[JavaScript Error: "Invalid autocomplete selectedIndex" {file: "resource://gre/actors/AutoCompleteChild.jsm" line: 208}]' when calling method: [nsIAutoCompletePopup::selectedIndex]
JavaScript error: https://nexus.ensighten.com/TWDC-DTCI/prod/code/319e93cc8c5e42d1bf288b1cd82daab4.js?conditionId0=4872138, line 25: TypeError: __dataLayer.page.section is undefined
1597976819007	Marionette	INFO	Stopped listening on port 50742

###!!! [Child][RunMessage] Error: Channel closing: too late to send/recv, messages will be lost


###!!! [Child][MessageChannel::SendAndWait] Error: Channel error: cannot send/recv

1597976834430	geckodriver	INFO	Listening on 127.0.0.1:51193
1597976837501	mozrunner::runner	INFO	Running command: "C:\\Program Files\\Mozilla Firefox\\firefox.exe" "--marionette" "-foreground" "-no-remote" "-profile" "C:\\Users\\jlwhi\\AppData\\Local\\Temp\\rust_mozprofilelhfPIE"
JavaScript error: resource://gre/modules/XULStore.jsm, line 66: Error: Can't find profile directory.
console.error: SearchCache: "_readCacheFile: Error reading cache file:" (new Error("", "(unknown module)"))
1597976841948	Marionette	INFO	Listening on port 51201
1597976842299	Marionette	WARN	TLS certificate errors will be ignored for this session
JavaScript error: resource://gre/actors/AutoCompleteChild.jsm, line 208: Error: Invalid autocomplete selectedIndex
JavaScript error: resource://gre/actors/AutoCompleteChild.jsm, line 208: Error: Invalid autocomplete selectedIndex
JavaScript error: resource://gre/modules/LoginManagerChild.jsm, line 177: NS_ERROR_XPC_JAVASCRIPT_ERROR_WITH_DETAILS: [JavaScript Error: "Invalid autocomplete selectedIndex" {file: "resource://gre/actors/AutoCompleteChild.jsm" line: 208}]'[JavaScript Error: "Invalid autocomplete selectedIndex" {file: "resource://gre/actors/AutoCompleteChild.jsm" line: 208}]' when calling method: [nsIAutoCompletePopup::selectedIndex]
JavaScript error: https://nexus.ensighten.com/TWDC-DTCI/prod/code/319e93cc8c5e42d1bf288b1cd82daab4.js?conditionId0=4872138, line 25: TypeError: __dataLayer.page.section is undefined
1597977321573	Marionette	INFO	Stopped listening on port 51201

###!!! [Child][RunMessage] Error: Channel closing: too late to send/recv, messages will be lost


###!!! [Child][MessageChannel::SendAndWait] Error: Channel error: cannot send/recv

1597977384092	geckodriver	INFO	Listening on 127.0.0.1:51888
1597977387170	mozrunner::runner	INFO	Running command: "C:\\Program Files\\Mozilla Firefox\\firefox.exe" "--marionette" "-foreground" "-no-remote" "-profile" "C:\\Users\\jlwhi\\AppData\\Local\\Temp\\rust_mozprofileEFK7t1"
JavaScript error: resource://gre/modules/XULStore.jsm, line 66: Error: Can't find profile directory.
console.error: SearchCache: "_readCacheFile: Error reading cache file:" (new Error("", "(unknown module)"))
1597977391739	Marionette	INFO	Listening on port 51896
1597977391954	Marionette	WARN	TLS certificate errors will be ignored for this session
JavaScript error: resource://gre/actors/AutoCompleteChild.jsm, line 208: Error: Invalid autocomplete selectedIndex
JavaScript error: resource://gre/actors/AutoCompleteChild.jsm, line 208: Error: Invalid autocomplete selectedIndex
JavaScript error: resource://gre/modules/LoginManagerChild.jsm, line 177: NS_ERROR_XPC_JAVASCRIPT_ERROR_WITH_DETAILS: [JavaScript Error: "Invalid autocomplete selectedIndex" {file: "resource://gre/actors/AutoCompleteChild.jsm" line: 208}]'[JavaScript Error: "Invalid autocomplete selectedIndex" {file: "resource://gre/actors/AutoCompleteChild.jsm" line: 208}]' when calling method: [nsIAutoCompletePopup::selectedIndex]
IPDL protocol error: Handler returned error code!

###!!! [Parent][DispatchAsyncMessage] Error: PMessagePort::Msg_PostMessages Processing error: message was deserialized, but the handler returned false (indicating failure)

JavaScript error: https://nexus.ensighten.com/TWDC-DTCI/prod/code/319e93cc8c5e42d1bf288b1cd82daab4.js?conditionId0=4872138, line 25: TypeError: __dataLayer.page.section is undefined
1597977626131	Marionette	INFO	Stopped listening on port 51896

###!!! [Child][MessageChannel::SendAndWait] Error: Channel error: cannot send/recv

1597977636661	geckodriver	INFO	Listening on 127.0.0.1:52262
1597977639703	mozrunner::runner	INFO	Running command: "C:\\Program Files\\Mozilla Firefox\\firefox.exe" "--marionette" "-foreground" "-no-remote" "-profile" "C:\\Users\\jlwhi\\AppData\\Local\\Temp\\rust_mozprofiletXQNm4"
JavaScript error: resource://gre/modules/XULStore.jsm, line 66: Error: Can't find profile directory.
console.error: SearchCache: "_readCacheFile: Error reading cache file:" (new Error("", "(unknown module)"))
1597977644339	Marionette	INFO	Listening on port 52270
1597977644513	Marionette	WARN	TLS certificate errors will be ignored for this session
JavaScript error: resource://gre/actors/AutoCompleteChild.jsm, line 208: Error: Invalid autocomplete selectedIndex
JavaScript error: resource://gre/actors/AutoCompleteChild.jsm, line 208: Error: Invalid autocomplete selectedIndex
JavaScript error: resource://gre/modules/LoginManagerChild.jsm, line 177: NS_ERROR_XPC_JAVASCRIPT_ERROR_WITH_DETAILS: [JavaScript Error: "Invalid autocomplete selectedIndex" {file: "resource://gre/actors/AutoCompleteChild.jsm" line: 208}]'[JavaScript Error: "Invalid autocomplete selectedIndex" {file: "resource://gre/actors/AutoCompleteChild.jsm" line: 208}]' when calling method: [nsIAutoCompletePopup::selectedIndex]
JavaScript error: https://nexus.ensighten.com/TWDC-DTCI/prod/code/319e93cc8c5e42d1bf288b1cd82daab4.js?conditionId0=4872138, line 25: TypeError: __dataLayer.page.section is undefined
1597977959245	Marionette	INFO	Stopped listening on port 52270

###!!! [Child][RunMessage] Error: Channel closing: too late to send/recv, messages will be lost


###!!! [Child][MessageChannel::SendAndWait] Error: Channel error: cannot send/recv

1597977984841	geckodriver	INFO	Listening on 127.0.0.1:52816
1597977987915	mozrunner::runner	INFO	Running command: "C:\\Program Files\\Mozilla Firefox\\firefox.exe" "--marionette" "-foreground" "-no-remote" "-profile" "C:\\Users\\jlwhi\\AppData\\Local\\Temp\\rust_mozprofile5CdiWk"
JavaScript error: resource://gre/modules/XULStore.jsm, line 66: Error: Can't find profile directory.
console.error: SearchCache: "_readCacheFile: Error reading cache file:" (new Error("", "(unknown module)"))
1597977992231	Marionette	INFO	Listening on port 52824
1597977992715	Marionette	WARN	TLS certificate errors will be ignored for this session
JavaScript error: resource://gre/actors/AutoCompleteChild.jsm, line 208: Error: Invalid autocomplete selectedIndex
JavaScript error: resource://gre/actors/AutoCompleteChild.jsm, line 208: Error: Invalid autocomplete selectedIndex
JavaScript error: resource://gre/modules/LoginManagerChild.jsm, line 177: NS_ERROR_XPC_JAVASCRIPT_ERROR_WITH_DETAILS: [JavaScript Error: "Invalid autocomplete selectedIndex" {file: "resource://gre/actors/AutoCompleteChild.jsm" line: 208}]'[JavaScript Error: "Invalid autocomplete selectedIndex" {file: "resource://gre/actors/AutoCompleteChild.jsm" line: 208}]' when calling method: [nsIAutoCompletePopup::selectedIndex]
JavaScript error: https://nexus.ensighten.com/TWDC-DTCI/prod/code/319e93cc8c5e42d1bf288b1cd82daab4.js?conditionId0=4872138, line 25: TypeError: __dataLayer.page.section is undefined
JavaScript error: , line 0: NotAllowedError: The play method is not allowed by the user agent or the platform in the current context, possibly because the user denied permission.
1597978337463	Marionette	INFO	Stopped listening on port 52824

###!!! [Child][RunMessage] Error: Channel closing: too late to send/recv, messages will be lost


###!!! [Child][MessageChannel::SendAndWait] Error: Channel error: cannot send/recv

1597978357570	geckodriver	INFO	Listening on 127.0.0.1:53122
1597978361645	mozrunner::runner	INFO	Running command: "C:\\Program Files\\Mozilla Firefox\\firefox.exe" "--marionette" "-foreground" "-no-remote" "-profile" "C:\\Users\\jlwhi\\AppData\\Local\\Temp\\rust_mozprofileUf8wzO"
JavaScript error: resource://gre/modules/XULStore.jsm, line 66: Error: Can't find profile directory.
console.error: SearchCache: "_readCacheFile: Error reading cache file:" (new Error("", "(unknown module)"))
1597978365825	Marionette	INFO	Listening on port 53130
1597978365847	Marionette	WARN	TLS certificate errors will be ignored for this session
JavaScript error: , line 0: uncaught exception: undefined
JavaScript error: https://nexus.ensighten.com/TWDC-DTCI/prod/code/319e93cc8c5e42d1bf288b1cd82daab4.js?conditionId0=4872138, line 25: TypeError: __dataLayer.page.section is undefined
1597978607095	Marionette	INFO	Stopped listening on port 53130

###!!! [Child][RunMessage] Error: Channel closing: too late to send/recv, messages will be lost


###!!! [Child][MessageChannel::SendAndWait] Error: Channel error: cannot send/recv

1597978624111	geckodriver	INFO	Listening on 127.0.0.1:53553
1597978627178	mozrunner::runner	INFO	Running command: "C:\\Program Files\\Mozilla Firefox\\firefox.exe" "--marionette" "-foreground" "-no-remote" "-profile" "C:\\Users\\jlwhi\\AppData\\Local\\Temp\\rust_mozprofile1hgmXG"
JavaScript error: resource://gre/modules/XULStore.jsm, line 66: Error: Can't find profile directory.
console.error: SearchCache: "_readCacheFile: Error reading cache file:" (new Error("", "(unknown module)"))
1597978631277	Marionette	INFO	Listening on port 53561
1597978631359	Marionette	WARN	TLS certificate errors will be ignored for this session
JavaScript error: resource://gre/actors/AutoCompleteChild.jsm, line 208: Error: Invalid autocomplete selectedIndex
JavaScript error: resource://gre/actors/AutoCompleteChild.jsm, line 208: Error: Invalid autocomplete selectedIndex
JavaScript error: resource://gre/modules/LoginManagerChild.jsm, line 177: NS_ERROR_XPC_JAVASCRIPT_ERROR_WITH_DETAILS: [JavaScript Error: "Invalid autocomplete selectedIndex" {file: "resource://gre/actors/AutoCompleteChild.jsm" line: 208}]'[JavaScript Error: "Invalid autocomplete selectedIndex" {file: "resource://gre/actors/AutoCompleteChild.jsm" line: 208}]' when calling method: [nsIAutoCompletePopup::selectedIndex]
JavaScript error: https://nexus.ensighten.com/TWDC-DTCI/prod/code/319e93cc8c5e42d1bf288b1cd82daab4.js?conditionId0=4872138, line 25: TypeError: __dataLayer.page.section is undefined
JavaScript error: , line 0: NotAllowedError: The play method is not allowed by the user agent or the platform in the current context, possibly because the user denied permission.
JavaScript error: , line 0: uncaught exception: Object
1598491875543	geckodriver	INFO	Listening on 127.0.0.1:60033
1598491878619	mozrunner::runner	INFO	Running command: "C:\\Program Files\\Mozilla Firefox\\firefox.exe" "--marionette" "-foreground" "-no-remote" "-profile" "C:\\Users\\jlwhi\\AppData\\Local\\Temp\\rust_mozprofileazocVu"
JavaScript error: resource://gre/modules/XULStore.jsm, line 66: Error: Can't find profile directory.
console.error: SearchCache: "_readCacheFile: Error reading cache file:" (new Error("", "(unknown module)"))
1598491881676	Marionette	INFO	Listening on port 60041
1598491881733	Marionette	WARN	TLS certificate errors will be ignored for this session
JavaScript error: resource://gre/actors/AutoCompleteChild.jsm, line 208: Error: Invalid autocomplete selectedIndex
JavaScript error: resource://gre/actors/AutoCompleteChild.jsm, line 208: Error: Invalid autocomplete selectedIndex
JavaScript error: resource://gre/modules/LoginManagerChild.jsm, line 177: NS_ERROR_XPC_JAVASCRIPT_ERROR_WITH_DETAILS: [JavaScript Error: "Invalid autocomplete selectedIndex" {file: "resource://gre/actors/AutoCompleteChild.jsm" line: 208}]'[JavaScript Error: "Invalid autocomplete selectedIndex" {file: "resource://gre/actors/AutoCompleteChild.jsm" line: 208}]' when calling method: [nsIAutoCompletePopup::selectedIndex]
JavaScript warning: https://a.espncdn.com/players/web-player-bundle/2.1.0/espn-web-player-bundle.js, line 9599: unreachable code after return statement
JavaScript warning: https://a.espncdn.com/players/web-player-bundle/2.1.0/espn-web-player-bundle.js, line 9599: unreachable code after return statement
JavaScript error: https://nexus.ensighten.com/TWDC-DTCI/prod/code/319e93cc8c5e42d1bf288b1cd82daab4.js?conditionId0=4872138, line 25: TypeError: __dataLayer.page.section is undefined
JavaScript error: , line 0: NotAllowedError: The play method is not allowed by the user agent or the platform in the current context, possibly because the user denied permission.
1598492282541	Marionette	INFO	Stopped listening on port 60041

###!!! [Child][RunMessage] Error: Channel closing: too late to send/recv, messages will be lost


###!!! [Child][MessageChannel::SendAndWait] Error: Channel error: cannot send/recv

1598495396658	geckodriver	INFO	Listening on 127.0.0.1:61838
1598495399688	mozrunner::runner	INFO	Running command: "C:\\Program Files\\Mozilla Firefox\\firefox.exe" "--marionette" "-foreground" "-no-remote" "-profile" "C:\\Users\\jlwhi\\AppData\\Local\\Temp\\rust_mozprofile9t7S22"
JavaScript error: resource://gre/modules/XULStore.jsm, line 66: Error: Can't find profile directory.
console.error: SearchCache: "_readCacheFile: Error reading cache file:" (new Error("", "(unknown module)"))
1598495402768	Marionette	INFO	Listening on port 61846
1598495402809	Marionette	WARN	TLS certificate errors will be ignored for this session
JavaScript error: resource://gre/actors/AutoCompleteChild.jsm, line 208: Error: Invalid autocomplete selectedIndex
JavaScript error: resource://gre/actors/AutoCompleteChild.jsm, line 208: Error: Invalid autocomplete selectedIndex
JavaScript error: resource://gre/modules/LoginManagerChild.jsm, line 177: NS_ERROR_XPC_JAVASCRIPT_ERROR_WITH_DETAILS: [JavaScript Error: "Invalid autocomplete selectedIndex" {file: "resource://gre/actors/AutoCompleteChild.jsm" line: 208}]'[JavaScript Error: "Invalid autocomplete selectedIndex" {file: "resource://gre/actors/AutoCompleteChild.jsm" line: 208}]' when calling method: [nsIAutoCompletePopup::selectedIndex]
[Child 10608, MediaDecoderStateMachine #1] WARNING: Decoder=2a1371f7400 state=DECODING_METADATA Decode metadata failed, shutting down decoder: file /builds/worker/checkouts/gecko/dom/media/MediaDecoderStateMachine.cpp, line 376
[Child 10608, MediaDecoderStateMachine #1] WARNING: Decoder=2a1371f7400 Decode error: NS_ERROR_DOM_MEDIA_METADATA_ERR (0x806e0006) - static MP4Metadata::ResultAndByteBuffer __cdecl mozilla::MP4Metadata::Metadata(mozilla::ByteStream *): Cannot parse metadata: file /builds/worker/checkouts/gecko/dom/media/MediaDecoderStateMachine.cpp, line 3470
JavaScript warning: https://a.espncdn.com/players/web-player-bundle/2.1.0/espn-web-player-bundle.js, line 9599: unreachable code after return statement
JavaScript warning: https://a.espncdn.com/players/web-player-bundle/2.1.0/espn-web-player-bundle.js, line 9599: unreachable code after return statement
JavaScript error: https://nexus.ensighten.com/TWDC-DTCI/prod/code/319e93cc8c5e42d1bf288b1cd82daab4.js?conditionId0=4872138, line 25: TypeError: __dataLayer.page.section is undefined
JavaScript error: , line 0: NotAllowedError: The play method is not allowed by the user agent or the platform in the current context, possibly because the user denied permission.
JavaScript error: , line 0: NotAllowedError: The play method is not allowed by the user agent or the platform in the current context, possibly because the user denied permission.
1598495977362	Marionette	INFO	Stopped listening on port 61846

###!!! [Child][RunMessage] Error: Channel closing: too late to send/recv, messages will be lost


###!!! [Child][MessageChannel::SendAndWait] Error: Channel error: cannot send/recv

1598501007790	geckodriver	INFO	Listening on 127.0.0.1:64544
1598501010864	mozrunner::runner	INFO	Running command: "C:\\Program Files\\Mozilla Firefox\\firefox.exe" "--marionette" "-foreground" "-no-remote" "-profile" "C:\\Users\\jlwhi\\AppData\\Local\\Temp\\rust_mozprofilechRRt5"
JavaScript error: resource://gre/modules/XULStore.jsm, line 66: Error: Can't find profile directory.
console.error: SearchCache: "_readCacheFile: Error reading cache file:" (new Error("", "(unknown module)"))
1598501013543	Marionette	INFO	Listening on port 64552
1598501013977	Marionette	WARN	TLS certificate errors will be ignored for this session
JavaScript error: resource://gre/actors/AutoCompleteChild.jsm, line 208: Error: Invalid autocomplete selectedIndex
JavaScript error: resource://gre/actors/AutoCompleteChild.jsm, line 208: Error: Invalid autocomplete selectedIndex
JavaScript error: resource://gre/modules/LoginManagerChild.jsm, line 177: NS_ERROR_XPC_JAVASCRIPT_ERROR_WITH_DETAILS: [JavaScript Error: "Invalid autocomplete selectedIndex" {file: "resource://gre/actors/AutoCompleteChild.jsm" line: 208}]'[JavaScript Error: "Invalid autocomplete selectedIndex" {file: "resource://gre/actors/AutoCompleteChild.jsm" line: 208}]' when calling method: [nsIAutoCompletePopup::selectedIndex]
JavaScript warning: https://a.espncdn.com/players/web-player-bundle/2.1.0/espn-web-player-bundle.js, line 9599: unreachable code after return statement
JavaScript warning: https://a.espncdn.com/players/web-player-bundle/2.1.0/espn-web-player-bundle.js, line 9599: unreachable code after return statement
JavaScript error: https://nexus.ensighten.com/TWDC-DTCI/prod/code/319e93cc8c5e42d1bf288b1cd82daab4.js?conditionId0=4872138, line 25: TypeError: __dataLayer.page.section is undefined
JavaScript error: , line 0: NotAllowedError: The play method is not allowed by the user agent or the platform in the current context, possibly because the user denied permission.
JavaScript error: , line 0: NotAllowedError: The play method is not allowed by the user agent or the platform in the current context, possibly because the user denied permission.
JavaScript error: , line 0: NotAllowedError: The play method is not allowed by the user agent or the platform in the current context, possibly because the user denied permission.
1598501559383	Marionette	INFO	Stopped listening on port 64552

###!!! [Child][RunMessage] Error: Channel closing: too late to send/recv, messages will be lost


###!!! [Child][MessageChannel::SendAndWait] Error: Channel error: cannot send/recv

1598588739731	geckodriver	INFO	Listening on 127.0.0.1:62863
1598588742794	mozrunner::runner	INFO	Running command: "C:\\Program Files\\Mozilla Firefox\\firefox.exe" "--marionette" "-foreground" "-no-remote" "-profile" "C:\\Users\\jlwhi\\AppData\\Local\\Temp\\rust_mozprofilehUb5WG"
1598588769041	geckodriver	INFO	Listening on 127.0.0.1:62910
1598588772072	mozrunner::runner	INFO	Running command: "C:\\Program Files\\Mozilla Firefox\\firefox.exe" "--marionette" "-foreground" "-no-remote" "-profile" "C:\\Users\\jlwhi\\AppData\\Local\\Temp\\rust_mozprofileaQYD74"
JavaScript error: resource://gre/modules/XULStore.jsm, line 66: Error: Can't find profile directory.
console.error: SearchCache: "_readCacheFile: Error reading cache file:" (new Error("", "(unknown module)"))
1598588776666	Marionette	INFO	Listening on port 62919
1598588776820	Marionette	WARN	TLS certificate errors will be ignored for this session
1598588787633	Marionette	INFO	Stopped listening on port 62919

###!!! [Child][RunMessage] Error: Channel closing: too late to send/recv, messages will be lost


###!!! [Child][MessageChannel::SendAndWait] Error: Channel error: cannot send/recv

